<?xml version="1.0" encoding="UTF-8" standalone="yes"?><!DOCTYPE report PUBLIC "-//JACOCO//DTD Report 1.1//EN" "report.dtd"><report name="java-web-project Maven Webapp"><sessioninfo id="master-335bd7a7" start="1630409023403" dump="1630409024041"/><sessioninfo id="master-997d1462" start="1630409360611" dump="1630409361314"/><sessioninfo id="master-4ef6b3cf" start="1630409497366" dump="1630409498023"/><sessioninfo id="master-5e7a8c64" start="1630409618691" dump="1630409619388"/><sessioninfo id="master-b4593907" start="1630409930699" dump="1630409931267"/><sessioninfo id="master-c677fa8c" start="1630410130795" dump="1630410131540"/><sessioninfo id="master-b1a1849b" start="1630410477935" dump="1630410478615"/><sessioninfo id="master-b1c2f21b" start="1630410662230" dump="1630410662658"/><sessioninfo id="master-8d3676f3" start="1630410729997" dump="1630410730436"/><sessioninfo id="master-d3c276cc" start="1630411837544" dump="1630411838376"/><sessioninfo id="master-339ee930" start="1630411939219" dump="1630411941131"/><sessioninfo id="master-84adb9ad" start="1630412111239" dump="1630412112215"/><sessioninfo id="master-356a8eb9" start="1630412283479" dump="1630412284007"/><sessioninfo id="master-77f9635e" start="1630412315886" dump="1630412316308"/><sessioninfo id="master-33556ce9" start="1630412344755" dump="1630412345747"/><sessioninfo id="master-372f38f5" start="1630412363651" dump="1630412364448"/><sessioninfo id="master-3dcc1851" start="1630412528244" dump="1630412528782"/></report>